<?xml version="1.0" encoding="UTF-8"?>
<!-- Generated by org.testng.reporters.JUnitReportReporter -->
<testsuite hostname="DESKTOP-CL4KTUF" failures="0" tests="3" name="com.Amazon.FirstTestClass" time="28.497" errors="0" timestamp="2020-03-04T23:19:33 IST" skipped="0">
  <testcase classname="com.Amazon.FirstTestClass" name="firstTestSecond" time="16.550"/>
  <system-out/>
  <testcase classname="com.Amazon.FirstTestClass" name="firstTestFirst" time="7.106"/>
  <system-out/>
  <testcase classname="com.Amazon.FirstTestClass" name="firstTestThird" time="4.841"/>
  <system-out/>
</testsuite> <!-- com.Amazon.FirstTestClass -->
