<?xml version="1.0" encoding="UTF-8"?>
<!-- Generated by org.testng.reporters.JUnitReportReporter -->
<testsuite hostname="DESKTOP-CL4KTUF" failures="0" tests="1" name="com.Amazon.TestFrame" time="2.741" errors="0" timestamp="2020-03-04T10:11:04 IST" skipped="0">
  <testcase classname="com.Amazon.TestFrame" name="firstTestFirst" time="2.741"/>
  <system-out/>
</testsuite> <!-- com.Amazon.TestFrame -->
