<?xml version="1.0" encoding="UTF-8"?>
<!-- Generated by org.testng.reporters.JUnitReportReporter -->
<testsuite hostname="DESKTOP-CL4KTUF" failures="0" tests="3" name="com.Amazon.TestFrame" time="25.257" errors="0" timestamp="2020-03-04T10:29:00 IST" skipped="0">
  <testcase classname="com.Amazon.TestFrame" name="firstTestThird" time="4.623"/>
  <system-out/>
  <testcase classname="com.Amazon.TestFrame" name="firstTestSecond" time="14.707"/>
  <system-out/>
  <testcase classname="com.Amazon.TestFrame" name="firstTestFirst" time="5.927"/>
  <system-out/>
</testsuite> <!-- com.Amazon.TestFrame -->
